<?xml version="1.0" encoding="UTF-8"?>
<testng-results ignored="0" total="1" passed="1" failed="0" skipped="0">
  <reporter-output>
  </reporter-output>
  <suite started-at="2024-06-20T19:50:12 IST" name="Default suite" finished-at="2024-06-20T19:51:33 IST" duration-ms="80867">
    <groups>
    </groups>
    <test started-at="2024-06-20T19:50:12 IST" name="Default test" finished-at="2024-06-20T19:51:33 IST" duration-ms="80867">
      <class name="Abc.TC_1">
        <test-method signature="method1()[pri:0, instance:Abc.TC_1@1ed4ae0f]" started-at="2024-06-20T19:50:12 IST" name="method1" finished-at="2024-06-20T19:51:33 IST" duration-ms="80789" status="PASS">
          <reporter-output>
          </reporter-output>
        </test-method> <!-- method1 -->
      </class> <!-- Abc.TC_1 -->
    </test> <!-- Default test -->
  </suite> <!-- Default suite -->
</testng-results>
